Using device: cuda
Starting with 10 Population:
[Arch(conv=2, acc=0.0000), Arch(conv=3, acc=0.0000), Arch(conv=2, acc=0.0000), Arch(conv=1, acc=0.0000), Arch(conv=2, acc=0.0000), Arch(conv=4, acc=0.0000), Arch(conv=4, acc=0.0000), Arch(conv=4, acc=0.0000), Arch(conv=1, acc=0.0000), Arch(conv=1, acc=0.0000)]


============================================================
Generation 1/5
============================================================
Evaluating architecture 1/10... Fitness: -4.4399, Accuracy: 0.5950
Evaluating architecture 2/10... Fitness: 0.4969, Accuracy: 0.6550
Evaluating architecture 3/10... Fitness: -1.9584, Accuracy: 0.5590
Evaluating architecture 4/10... Fitness: -0.7210, Accuracy: 0.5390
Evaluating architecture 5/10... Fitness: 0.2966, Accuracy: 0.6120
Evaluating architecture 6/10... Fitness: 0.5349, Accuracy: 0.6140
Evaluating architecture 7/10... Fitness: 0.5009, Accuracy: 0.6590
Evaluating architecture 8/10... Fitness: 0.5539, Accuracy: 0.6330
Evaluating architecture 9/10... Fitness: -0.3034, Accuracy: 0.3260
Evaluating architecture 10/10... Fitness: 0.3893, Accuracy: 0.5470

Sorting population in terms of fitness score (high -> low) ...
Best in generation: Arch(conv=4, acc=0.6330)

Best overall: Arch(conv=4, acc=0.6330)

Performing tournament selection of total population: 10 ...
Performing Crossover & Mutation ...
Elitism: Keeping top 2 architectures in next generation.
Next Generation: [Arch(conv=4, acc=0.6330), Arch(conv=4, acc=0.6140), Arch(conv=1, acc=0.0000), Arch(conv=1, acc=0.0000), Arch(conv=1, acc=0.0000), Arch(conv=1, acc=0.0000), Arch(conv=1, acc=0.3260), Arch(conv=1, acc=0.3260), Arch(conv=1, acc=0.0000), Arch(conv=1, acc=0.0000)]

============================================================
Generation 2/5
============================================================
Evaluating architecture 1/10... Fitness: 0.5589, Accuracy: 0.6380
Evaluating architecture 2/10... Fitness: 0.5199, Accuracy: 0.5990
Evaluating architecture 3/10... Fitness: -0.1774, Accuracy: 0.4520
Evaluating architecture 4/10... Fitness: -0.2094, Accuracy: 0.4200
Evaluating architecture 5/10... Fitness: -0.2194, Accuracy: 0.4100
Evaluating architecture 6/10... Fitness: -0.2624, Accuracy: 0.3670
Evaluating architecture 7/10... Fitness: -0.3074, Accuracy: 0.3220
Evaluating architecture 8/10... Fitness: -0.3024, Accuracy: 0.3270
Evaluating architecture 9/10... Fitness: -0.1584, Accuracy: 0.4710
Evaluating architecture 10/10... Fitness: -1.9483, Accuracy: 0.5700

Sorting population in terms of fitness score (high -> low) ...
Best in generation: Arch(conv=4, acc=0.6380)

Best overall: Arch(conv=4, acc=0.6380)

Performing tournament selection of total population: 10 ...
Performing Crossover & Mutation ...
Elitism: Keeping top 2 architectures in next generation.
Next Generation: [Arch(conv=4, acc=0.6380), Arch(conv=4, acc=0.5990), Arch(conv=1, acc=0.0000), Arch(conv=1, acc=0.0000), Arch(conv=4, acc=0.0000), Arch(conv=1, acc=0.0000), Arch(conv=1, acc=0.0000), Arch(conv=1, acc=0.0000), Arch(conv=1, acc=0.0000), Arch(conv=1, acc=0.0000)]

============================================================
Generation 3/5
============================================================
Evaluating architecture 1/10... Fitness: 0.5599, Accuracy: 0.6390
Evaluating architecture 2/10... Fitness: 0.5269, Accuracy: 0.6060
Evaluating architecture 3/10... Fitness: -0.2954, Accuracy: 0.3340
Evaluating architecture 4/10... Fitness: -0.2594, Accuracy: 0.3700
Evaluating architecture 5/10... Fitness: 0.6175, Accuracy: 0.6570
Evaluating architecture 6/10... Fitness: 0.3983, Accuracy: 0.5560
Evaluating architecture 7/10... Fitness: -0.3214, Accuracy: 0.3080
Evaluating architecture 8/10... Fitness: -0.2404, Accuracy: 0.3890
Evaluating architecture 9/10... Fitness: -0.2844, Accuracy: 0.3450
Evaluating architecture 10/10... Fitness: -0.3344, Accuracy: 0.2950

Sorting population in terms of fitness score (high -> low) ...
Best in generation: Arch(conv=4, acc=0.6570)

Best overall: Arch(conv=4, acc=0.6570)

Performing tournament selection of total population: 10 ...
Performing Crossover & Mutation ...
Elitism: Keeping top 2 architectures in next generation.
Next Generation: [Arch(conv=4, acc=0.6570), Arch(conv=4, acc=0.6390), Arch(conv=4, acc=0.0000), Arch(conv=4, acc=0.0000), Arch(conv=4, acc=0.0000), Arch(conv=4, acc=0.0000), Arch(conv=4, acc=0.6570), Arch(conv=4, acc=0.6570), Arch(conv=4, acc=0.0000), Arch(conv=4, acc=0.0000)]

============================================================
Generation 4/5
============================================================
Evaluating architecture 1/10... Fitness: 0.6225, Accuracy: 0.6620
Evaluating architecture 2/10... Fitness: 0.5509, Accuracy: 0.6300
Evaluating architecture 3/10... Fitness: 0.6235, Accuracy: 0.6630
Evaluating architecture 4/10... Fitness: 0.6205, Accuracy: 0.6600
Evaluating architecture 5/10... Fitness: 0.6265, Accuracy: 0.6660
Evaluating architecture 6/10... Fitness: 0.6165, Accuracy: 0.6560
Evaluating architecture 7/10... Fitness: 0.6185, Accuracy: 0.6580
Evaluating architecture 8/10... Fitness: 0.5955, Accuracy: 0.6350
Evaluating architecture 9/10... Fitness: 0.6135, Accuracy: 0.6530
Evaluating architecture 10/10... Fitness: 0.6255, Accuracy: 0.6650

Sorting population in terms of fitness score (high -> low) ...
Best in generation: Arch(conv=4, acc=0.6660)

Best overall: Arch(conv=4, acc=0.6660)

Performing tournament selection of total population: 10 ...
Performing Crossover & Mutation ...
Elitism: Keeping top 2 architectures in next generation.
Next Generation: [Arch(conv=4, acc=0.6660), Arch(conv=4, acc=0.6650), Arch(conv=4, acc=0.0000), Arch(conv=4, acc=0.0000), Arch(conv=4, acc=0.6620), Arch(conv=4, acc=0.6620), Arch(conv=4, acc=0.0000), Arch(conv=4, acc=0.0000), Arch(conv=3, acc=0.0000), Arch(conv=4, acc=0.0000)]

============================================================
Generation 5/5
============================================================
Evaluating architecture 1/10... Fitness: 0.5865, Accuracy: 0.6260
Evaluating architecture 2/10... Fitness: 0.6165, Accuracy: 0.6560
Evaluating architecture 3/10... Fitness: 0.6415, Accuracy: 0.6810
Evaluating architecture 4/10... Fitness: 0.6095, Accuracy: 0.6490
Evaluating architecture 5/10... Fitness: 0.5925, Accuracy: 0.6320
Evaluating architecture 6/10... Fitness: 0.6305, Accuracy: 0.6700
Evaluating architecture 7/10... Fitness: 0.6085, Accuracy: 0.6480
Evaluating architecture 8/10... Fitness: 0.6035, Accuracy: 0.6430
Evaluating architecture 9/10... Fitness: 0.6185, Accuracy: 0.6580
Evaluating architecture 10/10... Fitness: 0.6285, Accuracy: 0.6680

Sorting population in terms of fitness score (high -> low) ...
Best in generation: Arch(conv=4, acc=0.6810)

Best overall: Arch(conv=4, acc=0.6810)

Performing tournament selection of total population: 10 ...
Performing Crossover & Mutation ...
Elitism: Keeping top 2 architectures in next generation.
Next Generation: [Arch(conv=4, acc=0.6810), Arch(conv=4, acc=0.6700), Arch(conv=4, acc=0.0000), Arch(conv=4, acc=0.0000), Arch(conv=4, acc=0.0000), Arch(conv=4, acc=0.6260), Arch(conv=4, acc=0.6700), Arch(conv=4, acc=0.6700), Arch(conv=4, acc=0.0000), Arch(conv=4, acc=0.0000)]

============================================================
FINAL BEST ARCHITECTURE
============================================================
Genes: {'num_conv': 4, 'conv_configs': [{'filters': 128, 'kernel_size': 5}, {'filters': 32, 'kernel_size': 3}, {'filters': 32, 'kernel_size': 3}, {'filters': 32, 'kernel_size': 7}], 'pool_type': 'avg', 'activation': 'relu', 'fc_units': 64}
Accuracy: 0.6810
Fitness: 0.6415

Total parameters: 238,314

Model architecture:
CNN(
  (features): Sequential(
    (0): Conv2d(3, 128, kernel_size=(5, 5), stride=(1, 1), padding=(2, 2))
    (1): BatchNorm2d(128, eps=1e-05, momentum=0.1, affine=True, track_running_stats=True)
    (2): ReLU(inplace=True)
    (3): Conv2d(128, 32, kernel_size=(3, 3), stride=(1, 1), padding=(1, 1))
    (4): BatchNorm2d(32, eps=1e-05, momentum=0.1, affine=True, track_running_stats=True)
    (5): ReLU(inplace=True)
    (6): AvgPool2d(kernel_size=2, stride=2, padding=0)
    (7): Conv2d(32, 32, kernel_size=(3, 3), stride=(1, 1), padding=(1, 1))
    (8): BatchNorm2d(32, eps=1e-05, momentum=0.1, affine=True, track_running_stats=True)
    (9): ReLU(inplace=True)
    (10): Conv2d(32, 32, kernel_size=(7, 7), stride=(1, 1), padding=(3, 3))
    (11): BatchNorm2d(32, eps=1e-05, momentum=0.1, affine=True, track_running_stats=True)
    (12): ReLU(inplace=True)
    (13): AvgPool2d(kernel_size=2, stride=2, padding=0)
  )
  (classifier): Sequential(
    (0): Flatten(start_dim=1, end_dim=-1)
    (1): Linear(in_features=2048, out_features=64, bias=True)
    (2): ReLU(inplace=True)
    (3): Dropout(p=0.5, inplace=False)
    (4): Linear(in_features=64, out_features=10, bias=True)
  )
)
